[debug] ----------------------------------------------------------------------
[debug] Command:      /root/.nvm/versions/node/v6.5.0/bin/node /root/.nvm/versions/node/v6.5.0/bin/firebase init
[debug] CLI Version:  3.0.7
[debug] Platform:     linux
[debug] Node Version: v6.5.0
[debug] Time:         Wed Sep 14 2016 02:54:05 GMT+0530 (IST)
[debug] ----------------------------------------------------------------------
[debug] 
[debug] > command requires scopes: ["email","openid","https://www.googleapis.com/auth/cloudplatformprojects.readonly","https://www.googleapis.com/auth/firebase"]
[info] 
     ######## #### ########  ######## ########     ###     ######  ########
     ##        ##  ##     ## ##       ##     ##  ##   ##  ##       ##
     ######    ##  ########  ######   ########  #########  ######  ######
     ##        ##  ##    ##  ##       ##     ## ##     ##       ## ##
     ##       #### ##     ## ######## ########  ##     ##  ######  ########

You're about to initialize a Firebase project in this directory:

  /media/shashank/01D1DE7F57089C50/Project/MyBlogWebsite

Before we get started, keep in mind:

  * You are currently outside your home directory

[info] 
=== Project Setup
[info] 
[info] First, let's associate this project directory with a Firebase project.
[info] You can create multiple project aliases by running firebase use --add, 
[info] but for now we'll just set up a default project.
[info] 
[debug] >>> HTTP REQUEST GET https://admin.firebase.com/v1/projects 
[debug] Error: getaddrinfo EAI_AGAIN admin.firebase.com:443
    at Object.exports._errnoException (util.js:1026:11)
    at errnoException (dns.js:33:15)
    at GetAddrInfoReqWrap.onlookup [as oncomplete] (dns.js:76:26)
[error] 
[error] Error: Server Error. getaddrinfo EAI_AGAIN admin.firebase.com:443
